<?xml version="1.0" encoding="UTF-8"?>
<testsuites name="SitNBeerTestSuite" time="8.224" tests="1" failures="0" errors="0">
   <testsuite name="SitNBeerTestSuite" tests="1" failures="0" errors="0" time="8.224" timestamp="2020-04-10 11:12:45" hostname="Romain - 157.26.66.67" id="Test Suites/SitNBeerTestSuite">
      <properties>
         <property name="deviceName" value=""/>
         <property name="devicePlatform" value=""/>
         <property name="logFolder" value="C:\\Users\\Romain\\Desktop\\ProjetHeArc\\SitNBeer\\SitNBeerTest\\Reports\\20200410_111240\\SitNBeerTestSuite\\20200410_111240"/>
         <property name="logFiles" value="C:\\Users\\Romain\\Desktop\\ProjetHeArc\\SitNBeer\\SitNBeerTest\\Reports\\20200410_111240\\SitNBeerTestSuite\\20200410_111240\\execution0.log"/>
         <property name="attachments" value=""/>
         <property name="hostName" value="Romain - 157.26.66.67"/>
         <property name="os" value="Windows 10 64bit"/>
         <property name="katalonVersion" value="7.2.6.1"/>
         <property name="browser" value="Chrome 80.0.3987.163"/>
         <property name="hostAddress" value="157.26.66.67"/>
         <property name="sessionId" value="4c16b325a8784b04989b43a8cd5b3c6e"/>
         <property name="seleniumVersion" value="3.141.59"/>
         <property name="proxyInformation" value="ProxyInformation{proxyOption=NO_PROXY, proxyServerType=HTTP, password=, proxyServerAddress=, proxyServerPort=0, executionList=}"/>
         <property name="platform" value="Windows 10"/>
      </properties>
      <testcase name="Test Cases/Register" time="8.017" classname="Test Cases/Register" status="PASSED">
         <system-out><![CDATA[2020-04-10 11:12:45 - [TEST_CASE][PASSED] - Test Cases/Register: Test Cases/Register

2020-04-10 11:12:45 - [TEST_STEP][PASSED] - openBrowser(""): Browser is opened with url: ''

2020-04-10 11:12:45 - [MESSAGE][INFO] - Starting 'Chrome' driver

2020-04-10 11:12:45 - [MESSAGE][INFO] - Action delay is set to 0 seconds

2020-04-10 11:12:48 - [MESSAGE][PASSED] - Browser is opened with url: ''

2020-04-10 11:12:48 - [TEST_STEP][PASSED] - navigateToUrl("http://127.0.0.1:8181/"): Navigate to 'http://127.0.0.1:8181/' successfully

2020-04-10 11:12:49 - [MESSAGE][PASSED] - Navigate to 'http://127.0.0.1:8181/' successfully

2020-04-10 11:12:49 - [TEST_STEP][PASSED] - click(findTestObject("Object Repository/Page_SitNBeer - Home/i_menu")): Object: 'Object Repository/Page_SitNBeer - Home/i_menu' is clicked on

2020-04-10 11:12:49 - [MESSAGE][PASSED] - Object: 'Object Repository/Page_SitNBeer - Home/i_menu' is clicked on

2020-04-10 11:12:49 - [TEST_STEP][PASSED] - click(findTestObject("Object Repository/Page_SitNBeer - Home/a_Register")): Object: 'Object Repository/Page_SitNBeer - Home/a_Register' is clicked on

2020-04-10 11:12:50 - [MESSAGE][PASSED] - Object: 'Object Repository/Page_SitNBeer - Home/a_Register' is clicked on

2020-04-10 11:12:50 - [TEST_STEP][PASSED] - setText(findTestObject("Object Repository/Page_SitNBeer - Registration/input_Email _email"), "test@test.ch"): Text 'test@test.ch' is set on object 'Object Repository/Page_SitNBeer - Registration/input_Email _email'

2020-04-10 11:12:50 - [MESSAGE][PASSED] - Text 'test@test.ch' is set on object 'Object Repository/Page_SitNBeer - Registration/input_Email _email'

2020-04-10 11:12:50 - [TEST_STEP][PASSED] - setText(findTestObject("Object Repository/Page_SitNBeer - Registration/input_Username _username"), "TestKatalon"): Text 'TestKatalon' is set on object 'Object Repository/Page_SitNBeer - Registration/input_Username _username'

2020-04-10 11:12:51 - [MESSAGE][PASSED] - Text 'TestKatalon' is set on object 'Object Repository/Page_SitNBeer - Registration/input_Username _username'

2020-04-10 11:12:51 - [TEST_STEP][PASSED] - setEncryptedText(findTestObject("Object Repository/Page_SitNBeer - Registration/input_Password _password"), "8SQVv/p9jVQbixvz/0SAXQ=="): Text ****** has been set on object 'Object Repository/Page_SitNBeer - Registration/input_Password _password'

2020-04-10 11:12:51 - [MESSAGE][PASSED] - Text ****** has been set on object 'Object Repository/Page_SitNBeer - Registration/input_Password _password'

2020-04-10 11:12:51 - [TEST_STEP][PASSED] - setEncryptedText(findTestObject("Object Repository/Page_SitNBeer - Registration/input_Confirm password _passwordConfirm"), "8SQVv/p9jVQbixvz/0SAXQ=="): Text ****** has been set on object 'Object Repository/Page_SitNBeer - Registration/input_Confirm password _passwordConfirm'

2020-04-10 11:12:52 - [MESSAGE][PASSED] - Text ****** has been set on object 'Object Repository/Page_SitNBeer - Registration/input_Confirm password _passwordConfirm'

2020-04-10 11:12:52 - [TEST_STEP][PASSED] - click(findTestObject("Object Repository/Page_SitNBeer - Registration/input_Confirm password _btn")): Object: 'Object Repository/Page_SitNBeer - Registration/input_Confirm password _btn' is clicked on

2020-04-10 11:12:52 - [MESSAGE][PASSED] - Object: 'Object Repository/Page_SitNBeer - Registration/input_Confirm password _btn' is clicked on

2020-04-10 11:12:52 - [TEST_STEP][PASSED] - closeBrowser(): Browser is closed

2020-04-10 11:12:53 - [MESSAGE][PASSED] - Browser is closed]]></system-out>
         <system-err><![CDATA[]]></system-err>
      </testcase>
      <system-out><![CDATA[2020-04-10 11:12:45 - [TEST_SUITE][PASSED] - SitNBeerTestSuite: Test Cases/Register]]></system-out>
      <system-err><![CDATA[]]></system-err>
   </testsuite>
</testsuites>
